13:50:14.928 [main] INFO  - Goto my account-->Click on Login.. 
13:50:15.375 [main] INFO  - Entering email and password.. 
13:50:16.006 [main] INFO  - clicked on login button...
13:51:46.782 [main] INFO  - Goto my account-->Click on Login.. 
13:51:47.211 [main] INFO  - Entering email and password.. 
13:51:47.876 [main] INFO  - clicked on login button...
14:01:43.584 [main] INFO  - Goto my account-->Click on Login.. 
14:01:44.052 [main] INFO  - Entering email and password.. 
14:01:44.683 [main] INFO  - clicked on login button...
14:03:03.261 [main] INFO  - Goto my account-->Click on Login.. 
14:03:03.743 [main] INFO  - Entering email and password.. 
14:03:04.424 [main] INFO  - clicked on login button...
14:04:39.280 [main] INFO  - Goto my account-->Click on Login.. 
14:04:39.764 [main] INFO  - Entering email and password.. 
14:05:38.401 [main] INFO  - clicked on login button...
14:06:33.481 [main] INFO  - Goto my account-->Click on Login.. 
14:06:33.988 [main] INFO  - Entering email and password.. 
14:06:34.521 [main] INFO  - clicked on login button...
14:48:26.247 [main] INFO  - Goto my account-->Click on Login.. 
14:48:26.731 [main] INFO  - Entering email and password.. 
14:48:27.421 [main] INFO  - clicked on login button...
14:57:23.961 [main] INFO  - Goto my account-->Click on Login.. 
14:57:24.441 [main] INFO  - Entering email and password.. 
14:57:25.079 [main] INFO  - clicked on login button...
15:01:10.603 [main] INFO  - Goto my account-->Click on Login.. 
15:01:11.101 [main] INFO  - Entering email and password.. 
15:01:11.822 [main] INFO  - clicked on login button...
11:22:44.280 [main] INFO  - Goto my account-->Click on Login.. 
11:22:44.747 [main] INFO  - Entering email and password.. 
11:22:45.281 [main] INFO  - clicked on login button...
11:22:57.781 [main] INFO  - Goto my account-->Click on Login.. 
11:22:58.478 [main] INFO  - Entering email and password.. 
11:22:59.060 [main] INFO  - clicked on login button...
12:33:46.668 [main] INFO  - Goto my account-->Click on Login.. 
12:33:47.274 [main] DEBUG - Parsing relationship: /xl/_rels/workbook.xml.rels
12:33:47.278 [main] DEBUG - Parsing relationship: /xl/worksheets/_rels/sheet1.xml.rels
12:33:47.280 [main] DEBUG - Parsing relationship: /_rels/.rels
12:33:47.480 [main] TRACE - Loading type system org.apache.poi.schemas.ooxml.system.ooxml
12:33:47.483 [main] TRACE - Loading type system org.apache.xmlbeans.metadata.system.sXMLCONFIG
12:33:47.484 [main] TRACE - Loading type system org.apache.xmlbeans.metadata.system.sXMLLANG
12:33:47.484 [main] TRACE - Loading type system org.apache.xmlbeans.metadata.system.sXMLSCHEMA
12:33:47.485 [main] TRACE - Loading type system org.apache.xmlbeans.metadata.system.sXMLTOOLS
12:33:47.487 [main] TRACE - Reading unresolved handles for type system org.apache.xmlbeans.metadata.system.sXMLTOOLS
12:33:47.502 [main] TRACE - Finished loading type system org.apache.xmlbeans.metadata.system.sXMLTOOLS
12:33:47.504 [main] TRACE - Reading unresolved handles for type system org.apache.xmlbeans.metadata.system.sXMLSCHEMA
12:33:47.511 [main] TRACE - Finished loading type system org.apache.xmlbeans.metadata.system.sXMLSCHEMA
12:33:47.512 [main] TRACE - Reading unresolved handles for type system org.apache.xmlbeans.metadata.system.sXMLLANG
12:33:47.513 [main] TRACE - Finished loading type system org.apache.xmlbeans.metadata.system.sXMLLANG
12:33:47.514 [main] TRACE - Reading unresolved handles for type system org.apache.xmlbeans.metadata.system.sXMLCONFIG
12:33:47.515 [main] TRACE - Finished loading type system org.apache.xmlbeans.metadata.system.sXMLCONFIG
12:33:47.516 [main] TRACE - Reading unresolved handles for type system org.apache.poi.schemas.ooxml.system.ooxml
12:33:47.569 [main] TRACE - Finished loading type system org.apache.poi.schemas.ooxml.system.ooxml
12:33:47.570 [main] TRACE - Resolving type for handle themefd26doctype
12:33:47.648 [main] TRACE - Resolving type for handle stylesheet5d8bdoctype
12:33:47.654 [main] TRACE - Resolving type for handle ctstylesheet4257type
12:33:47.658 [main] TRACE - Resolving type for handle ctfonts6623type
12:33:47.662 [main] TRACE - Resolving type for handle ctfont14d8type
12:33:47.671 [main] TRACE - Resolving type for handle ctfills2c6ftype
12:33:47.674 [main] TRACE - Resolving type for handle ctfill550ctype
12:33:47.676 [main] TRACE - Resolving type for handle ctborders0d66type
12:33:47.680 [main] TRACE - Resolving type for handle ctborderf935type
12:33:47.683 [main] TRACE - Resolving type for handle ctcellxfs1322type
12:33:47.687 [main] TRACE - Resolving type for handle ctxf97f7type
12:33:47.690 [main] TRACE - Resolving type for handle ctcellstylexfsa81ftype
12:33:47.692 [main] TRACE - Resolving type for handle ctdxfsb26atype
12:33:47.695 [main] TRACE - Resolving type for handle cttablestyles872ftype
12:33:47.699 [main] TRACE - Resolving type for handle sstf81fdoctype
12:33:47.702 [main] TRACE - Resolving type for handle ctsst44f3type
12:33:47.713 [main] TRACE - Resolving type for handle ctrsta472type
12:33:47.736 [main] DEBUG - using default POIXMLDocumentPart for http://schemas.openxmlformats.org/officeDocument/2006/relationships/printerSettings
12:33:47.737 [main] TRACE - Resolving type for handle workbookec17doctype
12:33:47.742 [main] TRACE - Resolving type for handle ctworkbook83c3type
12:33:47.749 [main] TRACE - Resolving type for handle ctsheets49fdtype
12:33:47.752 [main] TRACE - Resolving type for handle ctsheet4dbetype
12:33:47.754 [main] TRACE - Resolving type for handle strelationshipid1e94type
12:33:47.757 [main] TRACE - Resolving type for handle worksheetf539doctype
12:33:47.762 [main] TRACE - Resolving type for handle ctworksheet530dtype
12:33:47.771 [main] TRACE - Resolving type for handle ctsheetdata8408type
12:33:47.773 [main] TRACE - Resolving type for handle ctrowdd39type
12:33:47.778 [main] TRACE - Resolving type for handle ctcell842btype
12:33:47.785 [main] TRACE - Resolving type for handle stcellrefe4e0type
12:33:47.793 [main] TRACE - Resolving type for handle ctcols627ctype
12:33:47.798 [main] TRACE - Resolving type for handle ctcola95ftype
12:33:47.820 [main] TRACE - Resolving type for handle stxstringf179type
12:33:47.824 [main] TRACE - Resolving type for handle stcelltypebf95type
12:33:50.978 [main] INFO  - Goto my account-->Click on Login.. 
12:33:51.719 [main] DEBUG - Parsing relationship: /xl/_rels/workbook.xml.rels
12:33:51.719 [main] DEBUG - Parsing relationship: /xl/worksheets/_rels/sheet1.xml.rels
12:33:51.720 [main] DEBUG - Parsing relationship: /_rels/.rels
12:33:51.739 [main] DEBUG - using default POIXMLDocumentPart for http://schemas.openxmlformats.org/officeDocument/2006/relationships/printerSettings
12:34:04.458 [main] INFO  - Goto my account-->Click on Login.. 
12:34:05.159 [main] DEBUG - Parsing relationship: /xl/_rels/workbook.xml.rels
12:34:05.160 [main] DEBUG - Parsing relationship: /xl/worksheets/_rels/sheet1.xml.rels
12:34:05.161 [main] DEBUG - Parsing relationship: /_rels/.rels
12:34:05.177 [main] DEBUG - using default POIXMLDocumentPart for http://schemas.openxmlformats.org/officeDocument/2006/relationships/printerSettings
12:41:19.047 [main] INFO  - Goto my account-->Click on Login.. 
12:41:19.648 [main] DEBUG - Parsing relationship: /xl/_rels/workbook.xml.rels
12:41:19.651 [main] DEBUG - Parsing relationship: /xl/worksheets/_rels/sheet1.xml.rels
12:41:19.651 [main] DEBUG - Parsing relationship: /_rels/.rels
12:41:19.827 [main] TRACE - Loading type system org.apache.poi.schemas.ooxml.system.ooxml
12:41:19.830 [main] TRACE - Loading type system org.apache.xmlbeans.metadata.system.sXMLCONFIG
12:41:19.831 [main] TRACE - Loading type system org.apache.xmlbeans.metadata.system.sXMLLANG
12:41:19.831 [main] TRACE - Loading type system org.apache.xmlbeans.metadata.system.sXMLSCHEMA
12:41:19.831 [main] TRACE - Loading type system org.apache.xmlbeans.metadata.system.sXMLTOOLS
12:41:19.834 [main] TRACE - Reading unresolved handles for type system org.apache.xmlbeans.metadata.system.sXMLTOOLS
12:41:19.852 [main] TRACE - Finished loading type system org.apache.xmlbeans.metadata.system.sXMLTOOLS
12:41:19.853 [main] TRACE - Reading unresolved handles for type system org.apache.xmlbeans.metadata.system.sXMLSCHEMA
12:41:19.857 [main] TRACE - Finished loading type system org.apache.xmlbeans.metadata.system.sXMLSCHEMA
12:41:19.858 [main] TRACE - Reading unresolved handles for type system org.apache.xmlbeans.metadata.system.sXMLLANG
12:41:19.859 [main] TRACE - Finished loading type system org.apache.xmlbeans.metadata.system.sXMLLANG
12:41:19.861 [main] TRACE - Reading unresolved handles for type system org.apache.xmlbeans.metadata.system.sXMLCONFIG
12:41:19.862 [main] TRACE - Finished loading type system org.apache.xmlbeans.metadata.system.sXMLCONFIG
12:41:19.864 [main] TRACE - Reading unresolved handles for type system org.apache.poi.schemas.ooxml.system.ooxml
12:41:19.906 [main] TRACE - Finished loading type system org.apache.poi.schemas.ooxml.system.ooxml
12:41:19.907 [main] TRACE - Resolving type for handle themefd26doctype
12:41:19.971 [main] TRACE - Resolving type for handle stylesheet5d8bdoctype
12:41:19.977 [main] TRACE - Resolving type for handle ctstylesheet4257type
12:41:19.981 [main] TRACE - Resolving type for handle ctfonts6623type
12:41:19.983 [main] TRACE - Resolving type for handle ctfont14d8type
12:41:19.993 [main] TRACE - Resolving type for handle ctfills2c6ftype
12:41:19.994 [main] TRACE - Resolving type for handle ctfill550ctype
12:41:19.996 [main] TRACE - Resolving type for handle ctborders0d66type
12:41:19.998 [main] TRACE - Resolving type for handle ctborderf935type
12:41:20.002 [main] TRACE - Resolving type for handle ctcellxfs1322type
12:41:20.005 [main] TRACE - Resolving type for handle ctxf97f7type
12:41:20.007 [main] TRACE - Resolving type for handle ctcellstylexfsa81ftype
12:41:20.009 [main] TRACE - Resolving type for handle ctdxfsb26atype
12:41:20.010 [main] TRACE - Resolving type for handle cttablestyles872ftype
12:41:20.013 [main] TRACE - Resolving type for handle sstf81fdoctype
12:41:20.017 [main] TRACE - Resolving type for handle ctsst44f3type
12:41:20.027 [main] TRACE - Resolving type for handle ctrsta472type
12:41:20.044 [main] DEBUG - using default POIXMLDocumentPart for http://schemas.openxmlformats.org/officeDocument/2006/relationships/printerSettings
12:41:20.046 [main] TRACE - Resolving type for handle workbookec17doctype
12:41:20.050 [main] TRACE - Resolving type for handle ctworkbook83c3type
12:41:20.056 [main] TRACE - Resolving type for handle ctsheets49fdtype
12:41:20.058 [main] TRACE - Resolving type for handle ctsheet4dbetype
12:41:20.060 [main] TRACE - Resolving type for handle strelationshipid1e94type
12:41:20.062 [main] TRACE - Resolving type for handle worksheetf539doctype
12:41:20.067 [main] TRACE - Resolving type for handle ctworksheet530dtype
12:41:20.083 [main] TRACE - Resolving type for handle ctsheetdata8408type
12:41:20.087 [main] TRACE - Resolving type for handle ctrowdd39type
12:41:20.094 [main] TRACE - Resolving type for handle ctcell842btype
12:41:20.103 [main] TRACE - Resolving type for handle stcellrefe4e0type
12:41:20.110 [main] TRACE - Resolving type for handle ctcols627ctype
12:41:20.114 [main] TRACE - Resolving type for handle ctcola95ftype
12:41:20.132 [main] TRACE - Resolving type for handle stxstringf179type
12:41:20.134 [main] TRACE - Resolving type for handle stcelltypebf95type
12:41:23.307 [main] INFO  - Goto my account-->Click on Login.. 
12:41:24.065 [main] DEBUG - Parsing relationship: /xl/_rels/workbook.xml.rels
12:41:24.066 [main] DEBUG - Parsing relationship: /xl/worksheets/_rels/sheet1.xml.rels
12:41:24.066 [main] DEBUG - Parsing relationship: /_rels/.rels
12:41:24.087 [main] DEBUG - using default POIXMLDocumentPart for http://schemas.openxmlformats.org/officeDocument/2006/relationships/printerSettings
12:41:36.911 [main] INFO  - Goto my account-->Click on Login.. 
12:41:37.577 [main] DEBUG - Parsing relationship: /xl/_rels/workbook.xml.rels
12:41:37.578 [main] DEBUG - Parsing relationship: /xl/worksheets/_rels/sheet1.xml.rels
12:41:37.580 [main] DEBUG - Parsing relationship: /_rels/.rels
12:41:37.597 [main] DEBUG - using default POIXMLDocumentPart for http://schemas.openxmlformats.org/officeDocument/2006/relationships/printerSettings
14:10:22.818 [main] INFO  - Goto my account-->Click on Login.. 
14:10:23.414 [main] DEBUG - Parsing relationship: /xl/_rels/workbook.xml.rels
14:10:23.417 [main] DEBUG - Parsing relationship: /xl/worksheets/_rels/sheet1.xml.rels
14:10:23.417 [main] DEBUG - Parsing relationship: /_rels/.rels
14:10:23.591 [main] TRACE - Loading type system org.apache.poi.schemas.ooxml.system.ooxml
14:10:23.594 [main] TRACE - Loading type system org.apache.xmlbeans.metadata.system.sXMLCONFIG
14:10:23.594 [main] TRACE - Loading type system org.apache.xmlbeans.metadata.system.sXMLLANG
14:10:23.595 [main] TRACE - Loading type system org.apache.xmlbeans.metadata.system.sXMLSCHEMA
14:10:23.595 [main] TRACE - Loading type system org.apache.xmlbeans.metadata.system.sXMLTOOLS
14:10:23.596 [main] TRACE - Reading unresolved handles for type system org.apache.xmlbeans.metadata.system.sXMLTOOLS
14:10:23.612 [main] TRACE - Finished loading type system org.apache.xmlbeans.metadata.system.sXMLTOOLS
14:10:23.613 [main] TRACE - Reading unresolved handles for type system org.apache.xmlbeans.metadata.system.sXMLSCHEMA
14:10:23.616 [main] TRACE - Finished loading type system org.apache.xmlbeans.metadata.system.sXMLSCHEMA
14:10:23.617 [main] TRACE - Reading unresolved handles for type system org.apache.xmlbeans.metadata.system.sXMLLANG
14:10:23.618 [main] TRACE - Finished loading type system org.apache.xmlbeans.metadata.system.sXMLLANG
14:10:23.619 [main] TRACE - Reading unresolved handles for type system org.apache.xmlbeans.metadata.system.sXMLCONFIG
14:10:23.620 [main] TRACE - Finished loading type system org.apache.xmlbeans.metadata.system.sXMLCONFIG
14:10:23.621 [main] TRACE - Reading unresolved handles for type system org.apache.poi.schemas.ooxml.system.ooxml
14:10:23.664 [main] TRACE - Finished loading type system org.apache.poi.schemas.ooxml.system.ooxml
14:10:23.664 [main] TRACE - Resolving type for handle themefd26doctype
14:10:23.725 [main] TRACE - Resolving type for handle stylesheet5d8bdoctype
14:10:23.731 [main] TRACE - Resolving type for handle ctstylesheet4257type
14:10:23.735 [main] TRACE - Resolving type for handle ctfonts6623type
14:10:23.737 [main] TRACE - Resolving type for handle ctfont14d8type
14:10:23.742 [main] TRACE - Resolving type for handle ctfills2c6ftype
14:10:23.744 [main] TRACE - Resolving type for handle ctfill550ctype
14:10:23.746 [main] TRACE - Resolving type for handle ctborders0d66type
14:10:23.750 [main] TRACE - Resolving type for handle ctborderf935type
14:10:23.753 [main] TRACE - Resolving type for handle ctcellxfs1322type
14:10:23.755 [main] TRACE - Resolving type for handle ctxf97f7type
14:10:23.759 [main] TRACE - Resolving type for handle ctcellstylexfsa81ftype
14:10:23.761 [main] TRACE - Resolving type for handle ctdxfsb26atype
14:10:23.763 [main] TRACE - Resolving type for handle cttablestyles872ftype
14:10:23.767 [main] TRACE - Resolving type for handle sstf81fdoctype
14:10:23.770 [main] TRACE - Resolving type for handle ctsst44f3type
14:10:23.781 [main] TRACE - Resolving type for handle ctrsta472type
14:10:23.799 [main] DEBUG - using default POIXMLDocumentPart for http://schemas.openxmlformats.org/officeDocument/2006/relationships/printerSettings
14:10:23.801 [main] TRACE - Resolving type for handle workbookec17doctype
14:10:23.806 [main] TRACE - Resolving type for handle ctworkbook83c3type
14:10:23.813 [main] TRACE - Resolving type for handle ctsheets49fdtype
14:10:23.814 [main] TRACE - Resolving type for handle ctsheet4dbetype
14:10:23.817 [main] TRACE - Resolving type for handle strelationshipid1e94type
14:10:23.819 [main] TRACE - Resolving type for handle worksheetf539doctype
14:10:23.826 [main] TRACE - Resolving type for handle ctworksheet530dtype
14:10:23.834 [main] TRACE - Resolving type for handle ctsheetdata8408type
14:10:23.837 [main] TRACE - Resolving type for handle ctrowdd39type
14:10:23.842 [main] TRACE - Resolving type for handle ctcell842btype
14:10:23.848 [main] TRACE - Resolving type for handle stcellrefe4e0type
14:10:23.855 [main] TRACE - Resolving type for handle ctcols627ctype
14:10:23.860 [main] TRACE - Resolving type for handle ctcola95ftype
14:10:23.877 [main] TRACE - Resolving type for handle stxstringf179type
14:10:23.880 [main] TRACE - Resolving type for handle stcelltypebf95type
14:10:27.157 [main] INFO  - Goto my account-->Click on Login.. 
14:10:27.855 [main] DEBUG - Parsing relationship: /xl/_rels/workbook.xml.rels
14:10:27.857 [main] DEBUG - Parsing relationship: /xl/worksheets/_rels/sheet1.xml.rels
14:10:27.858 [main] DEBUG - Parsing relationship: /_rels/.rels
14:10:27.879 [main] DEBUG - using default POIXMLDocumentPart for http://schemas.openxmlformats.org/officeDocument/2006/relationships/printerSettings
14:10:31.097 [main] INFO  - Goto my account-->Click on Login.. 
14:10:31.844 [main] DEBUG - Parsing relationship: /xl/_rels/workbook.xml.rels
14:10:31.844 [main] DEBUG - Parsing relationship: /xl/worksheets/_rels/sheet1.xml.rels
14:10:31.845 [main] DEBUG - Parsing relationship: /_rels/.rels
14:10:31.861 [main] DEBUG - using default POIXMLDocumentPart for http://schemas.openxmlformats.org/officeDocument/2006/relationships/printerSettings
14:10:37.186 [main] INFO  - Goto my account-->Click on Login.. 
14:10:37.863 [main] DEBUG - Parsing relationship: /xl/_rels/workbook.xml.rels
14:10:37.864 [main] DEBUG - Parsing relationship: /xl/worksheets/_rels/sheet1.xml.rels
14:10:37.864 [main] DEBUG - Parsing relationship: /_rels/.rels
14:10:37.879 [main] DEBUG - using default POIXMLDocumentPart for http://schemas.openxmlformats.org/officeDocument/2006/relationships/printerSettings
14:10:41.016 [main] INFO  - Goto my account-->Click on Login.. 
14:10:41.805 [main] DEBUG - Parsing relationship: /xl/_rels/workbook.xml.rels
14:10:41.806 [main] DEBUG - Parsing relationship: /xl/worksheets/_rels/sheet1.xml.rels
14:10:41.807 [main] DEBUG - Parsing relationship: /_rels/.rels
14:10:41.820 [main] DEBUG - using default POIXMLDocumentPart for http://schemas.openxmlformats.org/officeDocument/2006/relationships/printerSettings
14:12:19.396 [main] INFO  - Goto my account-->Click on Login.. 
14:12:19.978 [main] DEBUG - Parsing relationship: /xl/_rels/workbook.xml.rels
14:12:19.980 [main] DEBUG - Parsing relationship: /xl/worksheets/_rels/sheet1.xml.rels
14:12:19.981 [main] DEBUG - Parsing relationship: /_rels/.rels
14:12:20.157 [main] TRACE - Loading type system org.apache.poi.schemas.ooxml.system.ooxml
14:12:20.160 [main] TRACE - Loading type system org.apache.xmlbeans.metadata.system.sXMLCONFIG
14:12:20.161 [main] TRACE - Loading type system org.apache.xmlbeans.metadata.system.sXMLLANG
14:12:20.161 [main] TRACE - Loading type system org.apache.xmlbeans.metadata.system.sXMLSCHEMA
14:12:20.161 [main] TRACE - Loading type system org.apache.xmlbeans.metadata.system.sXMLTOOLS
14:12:20.163 [main] TRACE - Reading unresolved handles for type system org.apache.xmlbeans.metadata.system.sXMLTOOLS
14:12:20.175 [main] TRACE - Finished loading type system org.apache.xmlbeans.metadata.system.sXMLTOOLS
14:12:20.177 [main] TRACE - Reading unresolved handles for type system org.apache.xmlbeans.metadata.system.sXMLSCHEMA
14:12:20.180 [main] TRACE - Finished loading type system org.apache.xmlbeans.metadata.system.sXMLSCHEMA
14:12:20.181 [main] TRACE - Reading unresolved handles for type system org.apache.xmlbeans.metadata.system.sXMLLANG
14:12:20.182 [main] TRACE - Finished loading type system org.apache.xmlbeans.metadata.system.sXMLLANG
14:12:20.183 [main] TRACE - Reading unresolved handles for type system org.apache.xmlbeans.metadata.system.sXMLCONFIG
14:12:20.184 [main] TRACE - Finished loading type system org.apache.xmlbeans.metadata.system.sXMLCONFIG
14:12:20.185 [main] TRACE - Reading unresolved handles for type system org.apache.poi.schemas.ooxml.system.ooxml
14:12:20.233 [main] TRACE - Finished loading type system org.apache.poi.schemas.ooxml.system.ooxml
14:12:20.233 [main] TRACE - Resolving type for handle themefd26doctype
14:12:20.296 [main] TRACE - Resolving type for handle stylesheet5d8bdoctype
14:12:20.302 [main] TRACE - Resolving type for handle ctstylesheet4257type
14:12:20.306 [main] TRACE - Resolving type for handle ctfonts6623type
14:12:20.308 [main] TRACE - Resolving type for handle ctfont14d8type
14:12:20.314 [main] TRACE - Resolving type for handle ctfills2c6ftype
14:12:20.316 [main] TRACE - Resolving type for handle ctfill550ctype
14:12:20.317 [main] TRACE - Resolving type for handle ctborders0d66type
14:12:20.319 [main] TRACE - Resolving type for handle ctborderf935type
14:12:20.322 [main] TRACE - Resolving type for handle ctcellxfs1322type
14:12:20.325 [main] TRACE - Resolving type for handle ctxf97f7type
14:12:20.329 [main] TRACE - Resolving type for handle ctcellstylexfsa81ftype
14:12:20.330 [main] TRACE - Resolving type for handle ctdxfsb26atype
14:12:20.332 [main] TRACE - Resolving type for handle cttablestyles872ftype
14:12:20.336 [main] TRACE - Resolving type for handle sstf81fdoctype
14:12:20.340 [main] TRACE - Resolving type for handle ctsst44f3type
14:12:20.351 [main] TRACE - Resolving type for handle ctrsta472type
14:12:20.374 [main] DEBUG - using default POIXMLDocumentPart for http://schemas.openxmlformats.org/officeDocument/2006/relationships/printerSettings
14:12:20.375 [main] TRACE - Resolving type for handle workbookec17doctype
14:12:20.380 [main] TRACE - Resolving type for handle ctworkbook83c3type
14:12:20.385 [main] TRACE - Resolving type for handle ctsheets49fdtype
14:12:20.387 [main] TRACE - Resolving type for handle ctsheet4dbetype
14:12:20.389 [main] TRACE - Resolving type for handle strelationshipid1e94type
14:12:20.391 [main] TRACE - Resolving type for handle worksheetf539doctype
14:12:20.397 [main] TRACE - Resolving type for handle ctworksheet530dtype
14:12:20.412 [main] TRACE - Resolving type for handle ctsheetdata8408type
14:12:20.415 [main] TRACE - Resolving type for handle ctrowdd39type
14:12:20.422 [main] TRACE - Resolving type for handle ctcell842btype
14:12:20.432 [main] TRACE - Resolving type for handle stcellrefe4e0type
14:12:20.440 [main] TRACE - Resolving type for handle ctcols627ctype
14:12:20.445 [main] TRACE - Resolving type for handle ctcola95ftype
14:12:20.465 [main] TRACE - Resolving type for handle stxstringf179type
14:12:20.467 [main] TRACE - Resolving type for handle stcelltypebf95type
14:12:23.608 [main] INFO  - Goto my account-->Click on Login.. 
14:12:24.366 [main] DEBUG - Parsing relationship: /xl/_rels/workbook.xml.rels
14:12:24.367 [main] DEBUG - Parsing relationship: /xl/worksheets/_rels/sheet1.xml.rels
14:12:24.369 [main] DEBUG - Parsing relationship: /_rels/.rels
14:12:24.387 [main] DEBUG - using default POIXMLDocumentPart for http://schemas.openxmlformats.org/officeDocument/2006/relationships/printerSettings
14:12:27.613 [main] INFO  - Goto my account-->Click on Login.. 
14:12:28.332 [main] DEBUG - Parsing relationship: /xl/_rels/workbook.xml.rels
14:12:28.334 [main] DEBUG - Parsing relationship: /xl/worksheets/_rels/sheet1.xml.rels
14:12:28.335 [main] DEBUG - Parsing relationship: /_rels/.rels
14:12:28.353 [main] DEBUG - using default POIXMLDocumentPart for http://schemas.openxmlformats.org/officeDocument/2006/relationships/printerSettings
14:12:31.496 [main] INFO  - Goto my account-->Click on Login.. 
14:12:32.186 [main] DEBUG - Parsing relationship: /xl/_rels/workbook.xml.rels
14:12:32.187 [main] DEBUG - Parsing relationship: /xl/worksheets/_rels/sheet1.xml.rels
14:12:32.187 [main] DEBUG - Parsing relationship: /_rels/.rels
14:12:32.206 [main] DEBUG - using default POIXMLDocumentPart for http://schemas.openxmlformats.org/officeDocument/2006/relationships/printerSettings
14:12:35.398 [main] INFO  - Goto my account-->Click on Login.. 
14:12:36.098 [main] DEBUG - Parsing relationship: /xl/_rels/workbook.xml.rels
14:12:36.099 [main] DEBUG - Parsing relationship: /xl/worksheets/_rels/sheet1.xml.rels
14:12:36.100 [main] DEBUG - Parsing relationship: /_rels/.rels
14:12:36.111 [main] DEBUG - using default POIXMLDocumentPart for http://schemas.openxmlformats.org/officeDocument/2006/relationships/printerSettings
14:13:40.366 [main] INFO  - Goto my account-->Click on Login.. 
14:13:40.957 [main] DEBUG - Parsing relationship: /xl/_rels/workbook.xml.rels
14:13:40.962 [main] DEBUG - Parsing relationship: /xl/worksheets/_rels/sheet1.xml.rels
14:13:40.963 [main] DEBUG - Parsing relationship: /_rels/.rels
14:13:41.125 [main] TRACE - Loading type system org.apache.poi.schemas.ooxml.system.ooxml
14:13:41.127 [main] TRACE - Loading type system org.apache.xmlbeans.metadata.system.sXMLCONFIG
14:13:41.128 [main] TRACE - Loading type system org.apache.xmlbeans.metadata.system.sXMLLANG
14:13:41.128 [main] TRACE - Loading type system org.apache.xmlbeans.metadata.system.sXMLSCHEMA
14:13:41.129 [main] TRACE - Loading type system org.apache.xmlbeans.metadata.system.sXMLTOOLS
14:13:41.130 [main] TRACE - Reading unresolved handles for type system org.apache.xmlbeans.metadata.system.sXMLTOOLS
14:13:41.146 [main] TRACE - Finished loading type system org.apache.xmlbeans.metadata.system.sXMLTOOLS
14:13:41.147 [main] TRACE - Reading unresolved handles for type system org.apache.xmlbeans.metadata.system.sXMLSCHEMA
14:13:41.149 [main] TRACE - Finished loading type system org.apache.xmlbeans.metadata.system.sXMLSCHEMA
14:13:41.150 [main] TRACE - Reading unresolved handles for type system org.apache.xmlbeans.metadata.system.sXMLLANG
14:13:41.151 [main] TRACE - Finished loading type system org.apache.xmlbeans.metadata.system.sXMLLANG
14:13:41.152 [main] TRACE - Reading unresolved handles for type system org.apache.xmlbeans.metadata.system.sXMLCONFIG
14:13:41.153 [main] TRACE - Finished loading type system org.apache.xmlbeans.metadata.system.sXMLCONFIG
14:13:41.154 [main] TRACE - Reading unresolved handles for type system org.apache.poi.schemas.ooxml.system.ooxml
14:13:41.197 [main] TRACE - Finished loading type system org.apache.poi.schemas.ooxml.system.ooxml
14:13:41.198 [main] TRACE - Resolving type for handle themefd26doctype
14:13:41.270 [main] TRACE - Resolving type for handle stylesheet5d8bdoctype
14:13:41.276 [main] TRACE - Resolving type for handle ctstylesheet4257type
14:13:41.280 [main] TRACE - Resolving type for handle ctfonts6623type
14:13:41.283 [main] TRACE - Resolving type for handle ctfont14d8type
14:13:41.291 [main] TRACE - Resolving type for handle ctfills2c6ftype
14:13:41.293 [main] TRACE - Resolving type for handle ctfill550ctype
14:13:41.295 [main] TRACE - Resolving type for handle ctborders0d66type
14:13:41.297 [main] TRACE - Resolving type for handle ctborderf935type
14:13:41.300 [main] TRACE - Resolving type for handle ctcellxfs1322type
14:13:41.303 [main] TRACE - Resolving type for handle ctxf97f7type
14:13:41.308 [main] TRACE - Resolving type for handle ctcellstylexfsa81ftype
14:13:41.310 [main] TRACE - Resolving type for handle ctdxfsb26atype
14:13:41.311 [main] TRACE - Resolving type for handle cttablestyles872ftype
14:13:41.315 [main] TRACE - Resolving type for handle sstf81fdoctype
14:13:41.319 [main] TRACE - Resolving type for handle ctsst44f3type
14:13:41.327 [main] TRACE - Resolving type for handle ctrsta472type
14:13:41.347 [main] DEBUG - using default POIXMLDocumentPart for http://schemas.openxmlformats.org/officeDocument/2006/relationships/printerSettings
14:13:41.348 [main] TRACE - Resolving type for handle workbookec17doctype
14:13:41.352 [main] TRACE - Resolving type for handle ctworkbook83c3type
14:13:41.357 [main] TRACE - Resolving type for handle ctsheets49fdtype
14:13:41.359 [main] TRACE - Resolving type for handle ctsheet4dbetype
14:13:41.361 [main] TRACE - Resolving type for handle strelationshipid1e94type
14:13:41.362 [main] TRACE - Resolving type for handle worksheetf539doctype
14:13:41.368 [main] TRACE - Resolving type for handle ctworksheet530dtype
14:13:41.384 [main] TRACE - Resolving type for handle ctsheetdata8408type
14:13:41.386 [main] TRACE - Resolving type for handle ctrowdd39type
14:13:41.391 [main] TRACE - Resolving type for handle ctcell842btype
14:13:41.397 [main] TRACE - Resolving type for handle stcellrefe4e0type
14:13:41.405 [main] TRACE - Resolving type for handle ctcols627ctype
14:13:41.411 [main] TRACE - Resolving type for handle ctcola95ftype
14:13:41.428 [main] TRACE - Resolving type for handle stxstringf179type
14:13:41.430 [main] TRACE - Resolving type for handle stcelltypebf95type
14:13:44.626 [main] INFO  - Goto my account-->Click on Login.. 
14:13:45.319 [main] DEBUG - Parsing relationship: /xl/_rels/workbook.xml.rels
14:13:45.320 [main] DEBUG - Parsing relationship: /xl/worksheets/_rels/sheet1.xml.rels
14:13:45.321 [main] DEBUG - Parsing relationship: /_rels/.rels
14:13:45.336 [main] DEBUG - using default POIXMLDocumentPart for http://schemas.openxmlformats.org/officeDocument/2006/relationships/printerSettings
14:13:58.069 [main] INFO  - Goto my account-->Click on Login.. 
14:13:58.760 [main] DEBUG - Parsing relationship: /xl/_rels/workbook.xml.rels
14:13:58.763 [main] DEBUG - Parsing relationship: /xl/worksheets/_rels/sheet1.xml.rels
14:13:58.764 [main] DEBUG - Parsing relationship: /_rels/.rels
14:13:58.778 [main] DEBUG - using default POIXMLDocumentPart for http://schemas.openxmlformats.org/officeDocument/2006/relationships/printerSettings
14:14:11.462 [main] INFO  - Goto my account-->Click on Login.. 
14:14:12.155 [main] DEBUG - Parsing relationship: /xl/_rels/workbook.xml.rels
14:14:12.156 [main] DEBUG - Parsing relationship: /xl/worksheets/_rels/sheet1.xml.rels
14:14:12.157 [main] DEBUG - Parsing relationship: /_rels/.rels
14:14:12.171 [main] DEBUG - using default POIXMLDocumentPart for http://schemas.openxmlformats.org/officeDocument/2006/relationships/printerSettings
14:14:24.879 [main] INFO  - Goto my account-->Click on Login.. 
14:14:25.586 [main] DEBUG - Parsing relationship: /xl/_rels/workbook.xml.rels
14:14:25.587 [main] DEBUG - Parsing relationship: /xl/worksheets/_rels/sheet1.xml.rels
14:14:25.588 [main] DEBUG - Parsing relationship: /_rels/.rels
14:14:25.603 [main] DEBUG - using default POIXMLDocumentPart for http://schemas.openxmlformats.org/officeDocument/2006/relationships/printerSettings
14:40:08.736 [main] INFO  - Goto my account-->Click on Login.. 
14:40:09.247 [main] INFO  - Entering email and password.. 
14:40:09.829 [main] INFO  - clicked on login button...
14:44:07.953 [main] INFO  - Goto my account-->Click on Login.. 
14:44:08.408 [main] INFO  - Entering email and password.. 
14:44:08.951 [main] INFO  - clicked on login button...
14:44:58.052 [main] INFO  - Goto my account-->Click on Login.. 
14:44:58.478 [main] INFO  - Entering email and password.. 
14:44:59.106 [main] INFO  - clicked on login button...
15:04:26.915 [main] INFO  - Goto my account-->Click on Login.. 
15:04:27.376 [main] INFO  - Entering email and password.. 
15:04:28.040 [main] INFO  - clicked on login button...
15:08:12.488 [main] INFO  - Goto my account-->Click on Login.. 
15:08:12.943 [main] INFO  - Entering email and password.. 
15:08:13.599 [main] INFO  - clicked on login button...
15:09:44.011 [main] INFO  - Goto my account-->Click on Login.. 
15:09:44.453 [main] INFO  - Entering email and password.. 
15:09:45.021 [main] INFO  - clicked on login button...
15:30:59.885 [main] INFO  - Goto my account-->Click on Login.. 
15:33:06.322 [main] DEBUG - Parsing relationship: /xl/_rels/workbook.xml.rels
15:33:06.439 [main] DEBUG - Parsing relationship: /xl/worksheets/_rels/sheet1.xml.rels
15:33:06.484 [main] DEBUG - Parsing relationship: /_rels/.rels
15:33:08.602 [main] TRACE - Loading type system org.apache.poi.schemas.ooxml.system.ooxml
15:33:08.619 [main] TRACE - Loading type system org.apache.xmlbeans.metadata.system.sXMLCONFIG
15:33:08.623 [main] TRACE - Loading type system org.apache.xmlbeans.metadata.system.sXMLLANG
15:33:08.626 [main] TRACE - Loading type system org.apache.xmlbeans.metadata.system.sXMLSCHEMA
15:33:08.629 [main] TRACE - Loading type system org.apache.xmlbeans.metadata.system.sXMLTOOLS
15:33:08.646 [main] TRACE - Reading unresolved handles for type system org.apache.xmlbeans.metadata.system.sXMLTOOLS
15:33:08.732 [main] TRACE - Finished loading type system org.apache.xmlbeans.metadata.system.sXMLTOOLS
15:33:08.746 [main] TRACE - Reading unresolved handles for type system org.apache.xmlbeans.metadata.system.sXMLSCHEMA
15:33:08.792 [main] TRACE - Finished loading type system org.apache.xmlbeans.metadata.system.sXMLSCHEMA
15:33:08.805 [main] TRACE - Reading unresolved handles for type system org.apache.xmlbeans.metadata.system.sXMLLANG
15:33:08.815 [main] TRACE - Finished loading type system org.apache.xmlbeans.metadata.system.sXMLLANG
15:33:08.828 [main] TRACE - Reading unresolved handles for type system org.apache.xmlbeans.metadata.system.sXMLCONFIG
15:33:08.841 [main] TRACE - Finished loading type system org.apache.xmlbeans.metadata.system.sXMLCONFIG
15:33:08.854 [main] TRACE - Reading unresolved handles for type system org.apache.poi.schemas.ooxml.system.ooxml
15:33:09.745 [main] TRACE - Finished loading type system org.apache.poi.schemas.ooxml.system.ooxml
15:33:09.754 [main] TRACE - Resolving type for handle themefd26doctype
15:33:10.150 [main] TRACE - Resolving type for handle stylesheet5d8bdoctype
15:33:10.195 [main] TRACE - Resolving type for handle ctstylesheet4257type
15:33:10.229 [main] TRACE - Resolving type for handle ctfonts6623type
15:33:10.257 [main] TRACE - Resolving type for handle ctfont14d8type
15:33:10.306 [main] TRACE - Resolving type for handle ctfills2c6ftype
15:33:10.329 [main] TRACE - Resolving type for handle ctfill550ctype
15:33:10.349 [main] TRACE - Resolving type for handle ctborders0d66type
15:33:10.372 [main] TRACE - Resolving type for handle ctborderf935type
15:33:10.396 [main] TRACE - Resolving type for handle ctcellxfs1322type
15:33:10.424 [main] TRACE - Resolving type for handle ctxf97f7type
15:33:10.444 [main] TRACE - Resolving type for handle ctcellstylexfsa81ftype
15:33:10.462 [main] TRACE - Resolving type for handle ctdxfsb26atype
15:33:10.485 [main] TRACE - Resolving type for handle cttablestyles872ftype
15:33:10.514 [main] TRACE - Resolving type for handle sstf81fdoctype
15:33:10.547 [main] TRACE - Resolving type for handle ctsst44f3type
15:33:10.615 [main] TRACE - Resolving type for handle ctrsta472type
15:33:10.722 [main] DEBUG - using default POIXMLDocumentPart for http://schemas.openxmlformats.org/officeDocument/2006/relationships/printerSettings
15:33:10.734 [main] TRACE - Resolving type for handle workbookec17doctype
15:33:10.772 [main] TRACE - Resolving type for handle ctworkbook83c3type
15:33:10.805 [main] TRACE - Resolving type for handle ctsheets49fdtype
15:33:10.826 [main] TRACE - Resolving type for handle ctsheet4dbetype
15:33:10.843 [main] TRACE - Resolving type for handle strelationshipid1e94type
15:33:10.865 [main] TRACE - Resolving type for handle worksheetf539doctype
15:33:10.911 [main] TRACE - Resolving type for handle ctworksheet530dtype
15:33:10.957 [main] TRACE - Resolving type for handle ctsheetdata8408type
15:33:10.979 [main] TRACE - Resolving type for handle ctrowdd39type
15:33:11.012 [main] TRACE - Resolving type for handle ctcell842btype
15:33:11.061 [main] TRACE - Resolving type for handle stcellrefe4e0type
15:33:11.116 [main] TRACE - Resolving type for handle ctcols627ctype
15:33:11.144 [main] TRACE - Resolving type for handle ctcola95ftype
15:33:23.346 [main] TRACE - Resolving type for handle stxstringf179type
15:36:40.697 [main] TRACE - Resolving type for handle stcelltypebf95type
15:46:25.135 [main] INFO  - Goto my account-->Click on Login.. 
11:59:36.757 [main] INFO  - Goto my account-->Click on Login.. 
11:59:37.292 [main] DEBUG - Parsing relationship: /xl/_rels/workbook.xml.rels
11:59:37.294 [main] DEBUG - Parsing relationship: /xl/worksheets/_rels/sheet1.xml.rels
11:59:37.296 [main] DEBUG - Parsing relationship: /_rels/.rels
11:59:37.423 [main] TRACE - Loading type system org.apache.poi.schemas.ooxml.system.ooxml
11:59:37.426 [main] TRACE - Loading type system org.apache.xmlbeans.metadata.system.sXMLCONFIG
11:59:37.426 [main] TRACE - Loading type system org.apache.xmlbeans.metadata.system.sXMLLANG
11:59:37.427 [main] TRACE - Loading type system org.apache.xmlbeans.metadata.system.sXMLSCHEMA
11:59:37.427 [main] TRACE - Loading type system org.apache.xmlbeans.metadata.system.sXMLTOOLS
11:59:37.429 [main] TRACE - Reading unresolved handles for type system org.apache.xmlbeans.metadata.system.sXMLTOOLS
11:59:37.441 [main] TRACE - Finished loading type system org.apache.xmlbeans.metadata.system.sXMLTOOLS
11:59:37.442 [main] TRACE - Reading unresolved handles for type system org.apache.xmlbeans.metadata.system.sXMLSCHEMA
11:59:37.447 [main] TRACE - Finished loading type system org.apache.xmlbeans.metadata.system.sXMLSCHEMA
11:59:37.448 [main] TRACE - Reading unresolved handles for type system org.apache.xmlbeans.metadata.system.sXMLLANG
11:59:37.449 [main] TRACE - Finished loading type system org.apache.xmlbeans.metadata.system.sXMLLANG
11:59:37.450 [main] TRACE - Reading unresolved handles for type system org.apache.xmlbeans.metadata.system.sXMLCONFIG
11:59:37.451 [main] TRACE - Finished loading type system org.apache.xmlbeans.metadata.system.sXMLCONFIG
11:59:37.452 [main] TRACE - Reading unresolved handles for type system org.apache.poi.schemas.ooxml.system.ooxml
11:59:37.505 [main] TRACE - Finished loading type system org.apache.poi.schemas.ooxml.system.ooxml
11:59:37.506 [main] TRACE - Resolving type for handle themefd26doctype
11:59:37.559 [main] TRACE - Resolving type for handle stylesheet5d8bdoctype
11:59:37.566 [main] TRACE - Resolving type for handle ctstylesheet4257type
11:59:37.569 [main] TRACE - Resolving type for handle ctfonts6623type
11:59:37.572 [main] TRACE - Resolving type for handle ctfont14d8type
11:59:37.579 [main] TRACE - Resolving type for handle ctfills2c6ftype
11:59:37.581 [main] TRACE - Resolving type for handle ctfill550ctype
11:59:37.582 [main] TRACE - Resolving type for handle ctborders0d66type
11:59:37.584 [main] TRACE - Resolving type for handle ctborderf935type
11:59:37.586 [main] TRACE - Resolving type for handle ctcellxfs1322type
11:59:37.588 [main] TRACE - Resolving type for handle ctxf97f7type
11:59:37.591 [main] TRACE - Resolving type for handle ctcellstylexfsa81ftype
11:59:37.592 [main] TRACE - Resolving type for handle ctdxfsb26atype
11:59:37.594 [main] TRACE - Resolving type for handle cttablestyles872ftype
11:59:37.597 [main] TRACE - Resolving type for handle sstf81fdoctype
11:59:37.599 [main] TRACE - Resolving type for handle ctsst44f3type
11:59:37.606 [main] TRACE - Resolving type for handle ctrsta472type
11:59:37.625 [main] DEBUG - using default POIXMLDocumentPart for http://schemas.openxmlformats.org/officeDocument/2006/relationships/printerSettings
11:59:37.626 [main] TRACE - Resolving type for handle workbookec17doctype
11:59:37.631 [main] TRACE - Resolving type for handle ctworkbook83c3type
11:59:37.635 [main] TRACE - Resolving type for handle ctsheets49fdtype
11:59:37.637 [main] TRACE - Resolving type for handle ctsheet4dbetype
11:59:37.640 [main] TRACE - Resolving type for handle strelationshipid1e94type
11:59:37.642 [main] TRACE - Resolving type for handle worksheetf539doctype
11:59:37.649 [main] TRACE - Resolving type for handle ctworksheet530dtype
11:59:37.657 [main] TRACE - Resolving type for handle ctsheetdata8408type
11:59:37.659 [main] TRACE - Resolving type for handle ctrowdd39type
11:59:37.664 [main] TRACE - Resolving type for handle ctcell842btype
11:59:37.669 [main] TRACE - Resolving type for handle stcellrefe4e0type
11:59:37.675 [main] TRACE - Resolving type for handle ctcols627ctype
11:59:37.679 [main] TRACE - Resolving type for handle ctcola95ftype
11:59:37.692 [main] TRACE - Resolving type for handle stxstringf179type
11:59:37.696 [main] TRACE - Resolving type for handle stcelltypebf95type
11:59:40.808 [main] INFO  - Goto my account-->Click on Login.. 
11:59:41.536 [main] DEBUG - Parsing relationship: /xl/_rels/workbook.xml.rels
11:59:41.537 [main] DEBUG - Parsing relationship: /xl/worksheets/_rels/sheet1.xml.rels
11:59:41.538 [main] DEBUG - Parsing relationship: /_rels/.rels
11:59:41.557 [main] DEBUG - using default POIXMLDocumentPart for http://schemas.openxmlformats.org/officeDocument/2006/relationships/printerSettings
14:28:36.307 [main] INFO  - Goto my account-->Click on Login.. 
14:30:44.971 [main] DEBUG - Parsing relationship: /xl/_rels/workbook.xml.rels
14:30:45.071 [main] DEBUG - Parsing relationship: /xl/worksheets/_rels/sheet1.xml.rels
14:30:45.112 [main] DEBUG - Parsing relationship: /_rels/.rels
14:30:47.677 [main] TRACE - Loading type system org.apache.poi.schemas.ooxml.system.ooxml
14:30:47.694 [main] TRACE - Loading type system org.apache.xmlbeans.metadata.system.sXMLCONFIG
14:30:47.697 [main] TRACE - Loading type system org.apache.xmlbeans.metadata.system.sXMLLANG
14:30:47.700 [main] TRACE - Loading type system org.apache.xmlbeans.metadata.system.sXMLSCHEMA
14:30:47.703 [main] TRACE - Loading type system org.apache.xmlbeans.metadata.system.sXMLTOOLS
14:30:47.722 [main] TRACE - Reading unresolved handles for type system org.apache.xmlbeans.metadata.system.sXMLTOOLS
14:30:47.811 [main] TRACE - Finished loading type system org.apache.xmlbeans.metadata.system.sXMLTOOLS
14:30:47.823 [main] TRACE - Reading unresolved handles for type system org.apache.xmlbeans.metadata.system.sXMLSCHEMA
14:30:47.868 [main] TRACE - Finished loading type system org.apache.xmlbeans.metadata.system.sXMLSCHEMA
14:30:47.880 [main] TRACE - Reading unresolved handles for type system org.apache.xmlbeans.metadata.system.sXMLLANG
14:30:47.893 [main] TRACE - Finished loading type system org.apache.xmlbeans.metadata.system.sXMLLANG
14:30:47.906 [main] TRACE - Reading unresolved handles for type system org.apache.xmlbeans.metadata.system.sXMLCONFIG
14:30:47.921 [main] TRACE - Finished loading type system org.apache.xmlbeans.metadata.system.sXMLCONFIG
14:30:47.934 [main] TRACE - Reading unresolved handles for type system org.apache.poi.schemas.ooxml.system.ooxml
14:30:48.769 [main] TRACE - Finished loading type system org.apache.poi.schemas.ooxml.system.ooxml
14:30:48.778 [main] TRACE - Resolving type for handle themefd26doctype
14:30:49.152 [main] TRACE - Resolving type for handle stylesheet5d8bdoctype
14:30:49.191 [main] TRACE - Resolving type for handle ctstylesheet4257type
14:30:49.220 [main] TRACE - Resolving type for handle ctfonts6623type
14:30:49.246 [main] TRACE - Resolving type for handle ctfont14d8type
14:30:49.287 [main] TRACE - Resolving type for handle ctfills2c6ftype
14:30:49.306 [main] TRACE - Resolving type for handle ctfill550ctype
14:30:49.324 [main] TRACE - Resolving type for handle ctborders0d66type
14:30:49.345 [main] TRACE - Resolving type for handle ctborderf935type
14:30:49.366 [main] TRACE - Resolving type for handle ctcellxfs1322type
14:30:49.388 [main] TRACE - Resolving type for handle ctxf97f7type
14:30:49.406 [main] TRACE - Resolving type for handle ctcellstylexfsa81ftype
14:30:49.423 [main] TRACE - Resolving type for handle ctdxfsb26atype
14:30:49.443 [main] TRACE - Resolving type for handle cttablestyles872ftype
14:30:49.467 [main] TRACE - Resolving type for handle sstf81fdoctype
14:30:49.498 [main] TRACE - Resolving type for handle ctsst44f3type
14:30:49.562 [main] TRACE - Resolving type for handle ctrsta472type
14:30:49.663 [main] DEBUG - using default POIXMLDocumentPart for http://schemas.openxmlformats.org/officeDocument/2006/relationships/printerSettings
14:30:49.675 [main] TRACE - Resolving type for handle workbookec17doctype
14:30:49.715 [main] TRACE - Resolving type for handle ctworkbook83c3type
14:30:49.751 [main] TRACE - Resolving type for handle ctsheets49fdtype
14:30:49.770 [main] TRACE - Resolving type for handle ctsheet4dbetype
14:30:49.786 [main] TRACE - Resolving type for handle strelationshipid1e94type
14:30:49.805 [main] TRACE - Resolving type for handle worksheetf539doctype
14:30:49.847 [main] TRACE - Resolving type for handle ctworksheet530dtype
14:30:49.888 [main] TRACE - Resolving type for handle ctsheetdata8408type
14:30:49.911 [main] TRACE - Resolving type for handle ctrowdd39type
14:30:49.942 [main] TRACE - Resolving type for handle ctcell842btype
14:30:49.996 [main] TRACE - Resolving type for handle stcellrefe4e0type
14:30:50.049 [main] TRACE - Resolving type for handle ctcols627ctype
14:30:50.079 [main] TRACE - Resolving type for handle ctcola95ftype
14:31:13.178 [main] TRACE - Resolving type for handle stxstringf179type
14:34:45.658 [main] TRACE - Resolving type for handle stcelltypebf95type
14:45:11.467 [main] INFO  - Goto my account-->Click on Login.. 
14:45:38.308 [main] DEBUG - Parsing relationship: /xl/_rels/workbook.xml.rels
14:45:38.366 [main] DEBUG - Parsing relationship: /xl/worksheets/_rels/sheet1.xml.rels
14:45:38.406 [main] DEBUG - Parsing relationship: /_rels/.rels
14:45:39.274 [main] DEBUG - using default POIXMLDocumentPart for http://schemas.openxmlformats.org/officeDocument/2006/relationships/printerSettings
10:01:03.388 [main] INFO  - Goto my account-->Click on Login.. 
10:01:04.044 [main] DEBUG - Parsing relationship: /xl/_rels/workbook.xml.rels
10:01:04.047 [main] DEBUG - Parsing relationship: /xl/worksheets/_rels/sheet1.xml.rels
10:01:04.049 [main] DEBUG - Parsing relationship: /_rels/.rels
10:01:04.222 [main] TRACE - Loading type system org.apache.poi.schemas.ooxml.system.ooxml
10:01:04.224 [main] TRACE - Loading type system org.apache.xmlbeans.metadata.system.sXMLCONFIG
10:01:04.225 [main] TRACE - Loading type system org.apache.xmlbeans.metadata.system.sXMLLANG
10:01:04.225 [main] TRACE - Loading type system org.apache.xmlbeans.metadata.system.sXMLSCHEMA
10:01:04.225 [main] TRACE - Loading type system org.apache.xmlbeans.metadata.system.sXMLTOOLS
10:01:04.226 [main] TRACE - Reading unresolved handles for type system org.apache.xmlbeans.metadata.system.sXMLTOOLS
10:01:04.238 [main] TRACE - Finished loading type system org.apache.xmlbeans.metadata.system.sXMLTOOLS
10:01:04.239 [main] TRACE - Reading unresolved handles for type system org.apache.xmlbeans.metadata.system.sXMLSCHEMA
10:01:04.243 [main] TRACE - Finished loading type system org.apache.xmlbeans.metadata.system.sXMLSCHEMA
10:01:04.244 [main] TRACE - Reading unresolved handles for type system org.apache.xmlbeans.metadata.system.sXMLLANG
10:01:04.244 [main] TRACE - Finished loading type system org.apache.xmlbeans.metadata.system.sXMLLANG
10:01:04.245 [main] TRACE - Reading unresolved handles for type system org.apache.xmlbeans.metadata.system.sXMLCONFIG
10:01:04.247 [main] TRACE - Finished loading type system org.apache.xmlbeans.metadata.system.sXMLCONFIG
10:01:04.247 [main] TRACE - Reading unresolved handles for type system org.apache.poi.schemas.ooxml.system.ooxml
10:01:04.314 [main] TRACE - Finished loading type system org.apache.poi.schemas.ooxml.system.ooxml
10:01:04.315 [main] TRACE - Resolving type for handle themefd26doctype
10:01:04.389 [main] TRACE - Resolving type for handle stylesheet5d8bdoctype
10:01:04.394 [main] TRACE - Resolving type for handle ctstylesheet4257type
10:01:04.400 [main] TRACE - Resolving type for handle ctfonts6623type
10:01:04.402 [main] TRACE - Resolving type for handle ctfont14d8type
10:01:04.407 [main] TRACE - Resolving type for handle ctfills2c6ftype
10:01:04.409 [main] TRACE - Resolving type for handle ctfill550ctype
10:01:04.411 [main] TRACE - Resolving type for handle ctborders0d66type
10:01:04.413 [main] TRACE - Resolving type for handle ctborderf935type
10:01:04.416 [main] TRACE - Resolving type for handle ctcellxfs1322type
10:01:04.418 [main] TRACE - Resolving type for handle ctxf97f7type
10:01:04.421 [main] TRACE - Resolving type for handle ctcellstylexfsa81ftype
10:01:04.423 [main] TRACE - Resolving type for handle ctdxfsb26atype
10:01:04.425 [main] TRACE - Resolving type for handle cttablestyles872ftype
10:01:04.428 [main] TRACE - Resolving type for handle sstf81fdoctype
10:01:04.433 [main] TRACE - Resolving type for handle ctsst44f3type
10:01:04.441 [main] TRACE - Resolving type for handle ctrsta472type
10:01:04.465 [main] DEBUG - using default POIXMLDocumentPart for http://schemas.openxmlformats.org/officeDocument/2006/relationships/printerSettings
10:01:04.466 [main] TRACE - Resolving type for handle workbookec17doctype
10:01:04.472 [main] TRACE - Resolving type for handle ctworkbook83c3type
10:01:04.479 [main] TRACE - Resolving type for handle ctsheets49fdtype
10:01:04.481 [main] TRACE - Resolving type for handle ctsheet4dbetype
10:01:04.484 [main] TRACE - Resolving type for handle strelationshipid1e94type
10:01:04.487 [main] TRACE - Resolving type for handle worksheetf539doctype
10:01:04.494 [main] TRACE - Resolving type for handle ctworksheet530dtype
10:01:04.503 [main] TRACE - Resolving type for handle ctsheetdata8408type
10:01:04.506 [main] TRACE - Resolving type for handle ctrowdd39type
10:01:04.510 [main] TRACE - Resolving type for handle ctcell842btype
10:01:04.517 [main] TRACE - Resolving type for handle stcellrefe4e0type
10:01:04.525 [main] TRACE - Resolving type for handle ctcols627ctype
