10:01:04.531 [main] TRACE - Resolving type for handle ctcola95ftype
10:01:04.558 [main] TRACE - Resolving type for handle stxstringf179type
10:01:04.566 [main] TRACE - Resolving type for handle stcelltypebf95type
10:01:07.948 [main] INFO  - Goto my account-->Click on Login.. 
10:01:08.730 [main] DEBUG - Parsing relationship: /xl/_rels/workbook.xml.rels
10:01:08.732 [main] DEBUG - Parsing relationship: /xl/worksheets/_rels/sheet1.xml.rels
10:01:08.732 [main] DEBUG - Parsing relationship: /_rels/.rels
10:01:08.752 [main] DEBUG - using default POIXMLDocumentPart for http://schemas.openxmlformats.org/officeDocument/2006/relationships/printerSettings
10:34:35.052 [main] INFO  - Goto my account-->Click on Login.. 
10:34:35.629 [main] DEBUG - Parsing relationship: /xl/_rels/workbook.xml.rels
10:34:35.632 [main] DEBUG - Parsing relationship: /xl/worksheets/_rels/sheet1.xml.rels
10:34:35.633 [main] DEBUG - Parsing relationship: /_rels/.rels
10:34:35.802 [main] TRACE - Loading type system org.apache.poi.schemas.ooxml.system.ooxml
10:34:35.804 [main] TRACE - Loading type system org.apache.xmlbeans.metadata.system.sXMLCONFIG
10:34:35.804 [main] TRACE - Loading type system org.apache.xmlbeans.metadata.system.sXMLLANG
10:34:35.805 [main] TRACE - Loading type system org.apache.xmlbeans.metadata.system.sXMLSCHEMA
10:34:35.805 [main] TRACE - Loading type system org.apache.xmlbeans.metadata.system.sXMLTOOLS
10:34:35.806 [main] TRACE - Reading unresolved handles for type system org.apache.xmlbeans.metadata.system.sXMLTOOLS
10:34:35.817 [main] TRACE - Finished loading type system org.apache.xmlbeans.metadata.system.sXMLTOOLS
10:34:35.819 [main] TRACE - Reading unresolved handles for type system org.apache.xmlbeans.metadata.system.sXMLSCHEMA
10:34:35.823 [main] TRACE - Finished loading type system org.apache.xmlbeans.metadata.system.sXMLSCHEMA
10:34:35.824 [main] TRACE - Reading unresolved handles for type system org.apache.xmlbeans.metadata.system.sXMLLANG
10:34:35.825 [main] TRACE - Finished loading type system org.apache.xmlbeans.metadata.system.sXMLLANG
10:34:35.826 [main] TRACE - Reading unresolved handles for type system org.apache.xmlbeans.metadata.system.sXMLCONFIG
10:34:35.826 [main] TRACE - Finished loading type system org.apache.xmlbeans.metadata.system.sXMLCONFIG
10:34:35.827 [main] TRACE - Reading unresolved handles for type system org.apache.poi.schemas.ooxml.system.ooxml
10:34:35.873 [main] TRACE - Finished loading type system org.apache.poi.schemas.ooxml.system.ooxml
10:34:35.874 [main] TRACE - Resolving type for handle themefd26doctype
10:34:35.948 [main] TRACE - Resolving type for handle stylesheet5d8bdoctype
10:34:35.956 [main] TRACE - Resolving type for handle ctstylesheet4257type
10:34:35.960 [main] TRACE - Resolving type for handle ctfonts6623type
10:34:35.963 [main] TRACE - Resolving type for handle ctfont14d8type
10:34:35.970 [main] TRACE - Resolving type for handle ctfills2c6ftype
10:34:35.972 [main] TRACE - Resolving type for handle ctfill550ctype
10:34:35.974 [main] TRACE - Resolving type for handle ctborders0d66type
10:34:35.976 [main] TRACE - Resolving type for handle ctborderf935type
10:34:35.979 [main] TRACE - Resolving type for handle ctcellxfs1322type
10:34:35.981 [main] TRACE - Resolving type for handle ctxf97f7type
10:34:35.985 [main] TRACE - Resolving type for handle ctcellstylexfsa81ftype
10:34:35.986 [main] TRACE - Resolving type for handle ctdxfsb26atype
10:34:35.988 [main] TRACE - Resolving type for handle cttablestyles872ftype
10:34:35.991 [main] TRACE - Resolving type for handle sstf81fdoctype
10:34:35.995 [main] TRACE - Resolving type for handle ctsst44f3type
10:34:36.005 [main] TRACE - Resolving type for handle ctrsta472type
10:34:36.024 [main] DEBUG - using default POIXMLDocumentPart for http://schemas.openxmlformats.org/officeDocument/2006/relationships/printerSettings
10:34:36.025 [main] TRACE - Resolving type for handle workbookec17doctype
10:34:36.029 [main] TRACE - Resolving type for handle ctworkbook83c3type
10:34:36.034 [main] TRACE - Resolving type for handle ctsheets49fdtype
10:34:36.036 [main] TRACE - Resolving type for handle ctsheet4dbetype
10:34:36.038 [main] TRACE - Resolving type for handle strelationshipid1e94type
10:34:36.040 [main] TRACE - Resolving type for handle worksheetf539doctype
10:34:36.044 [main] TRACE - Resolving type for handle ctworksheet530dtype
10:34:36.059 [main] TRACE - Resolving type for handle ctsheetdata8408type
10:34:36.061 [main] TRACE - Resolving type for handle ctrowdd39type
10:34:36.066 [main] TRACE - Resolving type for handle ctcell842btype
10:34:36.072 [main] TRACE - Resolving type for handle stcellrefe4e0type
10:34:36.079 [main] TRACE - Resolving type for handle ctcols627ctype
10:34:36.083 [main] TRACE - Resolving type for handle ctcola95ftype
10:34:36.098 [main] TRACE - Resolving type for handle stxstringf179type
10:34:36.101 [main] TRACE - Resolving type for handle stcelltypebf95type
10:34:39.293 [main] INFO  - Goto my account-->Click on Login.. 
10:34:40.005 [main] DEBUG - Parsing relationship: /xl/_rels/workbook.xml.rels
10:34:40.008 [main] DEBUG - Parsing relationship: /xl/worksheets/_rels/sheet1.xml.rels
10:34:40.009 [main] DEBUG - Parsing relationship: /_rels/.rels
10:34:40.034 [main] DEBUG - using default POIXMLDocumentPart for http://schemas.openxmlformats.org/officeDocument/2006/relationships/printerSettings
